<?xml version="1.0" encoding="UTF-8"?>
<!-- Generated by org.testng.reporters.JUnitReportReporter -->
<testsuite hostname="VijithaVasudev" failures="0" tests="2" name="TestNG.TestNGTest01" time="0.004" errors="0" timestamp="2024-06-04T12:58:28 IST" skipped="0">
  <testcase classname="TestNG.TestNGTest01" name="test01" time="0.002"/>
  <testcase classname="TestNG.TestNGTest01" name="test02" time="0.002"/>
</testsuite> <!-- TestNG.TestNGTest01 -->
