<?xml version="1.0" encoding="UTF-8"?>
<!-- Generated by org.testng.reporters.JUnitReportReporter -->
<testsuite hostname="VijithaVasudev" failures="0" tests="3" name="TestNG.TestNGTest02" time="0.003" errors="0" timestamp="2024-06-04T12:58:28 IST" skipped="0">
  <testcase classname="TestNG.TestNGTest02" name="APILoginHome" time="0.001"/>
  <testcase classname="TestNG.TestNGTest02" name="WebLoginHome" time="0.001"/>
  <testcase classname="TestNG.TestNGTest02" name="MobileLoginHome" time="0.001"/>
</testsuite> <!-- TestNG.TestNGTest02 -->
