<?xml version="1.0" encoding="UTF-8"?>
<!-- Generated by org.testng.reporters.JUnitReportReporter -->
<testsuite hostname="VijithaVasudev" failures="0" tests="1" name="TestNG.TestNGTest" time="0.011" errors="0" timestamp="2024-06-04T12:58:28 IST" skipped="0">
  <testcase classname="TestNG.TestNGTest" name="test" time="0.011"/>
</testsuite> <!-- TestNG.TestNGTest -->
