<?xml version="1.0" encoding="UTF-8"?>
<!-- Generated by org.testng.reporters.JUnitReportReporter -->
<testsuite hostname="VijithaVasudev" failures="0" tests="1" name="TestNG.PS" time="0.020" errors="0" timestamp="2024-06-06T10:57:53 IST" skipped="0">
  <testcase classname="TestNG.PS" name="testRun" time="0.020"/>
</testsuite> <!-- TestNG.PS -->
